Using pre-set license
Built from '2021.3/staging' branch; Version is '2021.3.7f1 (24e8595d6d43) revision 2418777'; Using compiler version '192829333'; Build Type 'Release'
OS: 'Windows 10  (10.0.19044) 64bit CoreSingleLanguage' Language: 'es' Physical Memory: 8065 MB
BatchMode: 1, IsHumanControllingUs: 0, StartBugReporterOnCrash: 0, Is64bit: 1, IsPro: 1

COMMAND LINE ARGUMENTS:
D:\compu\Unity\2021.3.7f1\Editor\Unity.exe
-adb2
-batchMode
-noUpm
-name
AssetImportWorker4
-projectPath
D:/compu/Documentos/Semestre/semestre 6/Computación grafica/Unity/Evaluacion1
-logFile
Logs/AssetImportWorker4.log
-srvPort
61741
Successfully changed project path to: D:/compu/Documentos/Semestre/semestre 6/Computación grafica/Unity/Evaluacion1
D:/compu/Documentos/Semestre/semestre 6/Computación grafica/Unity/Evaluacion1
[UnityMemory] Configuration Parameters - Can be set up in boot.config
    "memorysetup-bucket-allocator-granularity=16"
    "memorysetup-bucket-allocator-bucket-count=8"
    "memorysetup-bucket-allocator-block-size=33554432"
    "memorysetup-bucket-allocator-block-count=8"
    "memorysetup-main-allocator-block-size=16777216"
    "memorysetup-thread-allocator-block-size=16777216"
    "memorysetup-gfx-main-allocator-block-size=16777216"
    "memorysetup-gfx-thread-allocator-block-size=16777216"
    "memorysetup-cache-allocator-block-size=4194304"
    "memorysetup-typetree-allocator-block-size=2097152"
    "memorysetup-profiler-bucket-allocator-granularity=16"
    "memorysetup-profiler-bucket-allocator-bucket-count=8"
    "memorysetup-profiler-bucket-allocator-block-size=33554432"
    "memorysetup-profiler-bucket-allocator-block-count=8"
    "memorysetup-profiler-allocator-block-size=16777216"
    "memorysetup-profiler-editor-allocator-block-size=1048576"
    "memorysetup-temp-allocator-size-main=16777216"
    "memorysetup-job-temp-allocator-block-size=2097152"
    "memorysetup-job-temp-allocator-block-size-background=1048576"
    "memorysetup-job-temp-allocator-reduction-small-platforms=262144"
    "memorysetup-temp-allocator-size-background-worker=32768"
    "memorysetup-temp-allocator-size-job-worker=262144"
    "memorysetup-temp-allocator-size-preload-manager=33554432"
    "memorysetup-temp-allocator-size-nav-mesh-worker=65536"
    "memorysetup-temp-allocator-size-audio-worker=65536"
    "memorysetup-temp-allocator-size-cloud-worker=32768"
    "memorysetup-temp-allocator-size-gi-baking-worker=262144"
    "memorysetup-temp-allocator-size-gfx=262144"
Refreshing native plugins compatible for Editor in 87.08 ms, found 3 plugins.
Preloading 0 native plugins for Editor in 0.00 ms.
Initialize engine version: 2021.3.7f1 (24e8595d6d43)
[Subsystems] Discovering subsystems at path D:/compu/Unity/2021.3.7f1/Editor/Data/Resources/UnitySubsystems
[Subsystems] Discovering subsystems at path D:/compu/Documentos/Semestre/semestre 6/Computación grafica/Unity/Evaluacion1/Assets
GfxDevice: creating device client; threaded=0; jobified=0
Direct3D:
    Version:  Direct3D 11.0 [level 11.1]
    Renderer: NVIDIA GeForce GTX 1050 (ID=0x1c8d)
    Vendor:   NVIDIA
    VRAM:     4019 MB
    Driver:   27.21.14.6647
Initialize mono
Mono path[0] = 'D:/compu/Unity/2021.3.7f1/Editor/Data/Managed'
Mono path[1] = 'D:/compu/Unity/2021.3.7f1/Editor/Data/MonoBleedingEdge/lib/mono/unityjit-win32'
Mono config path = 'D:/compu/Unity/2021.3.7f1/Editor/Data/MonoBleedingEdge/etc'
Using monoOptions --debugger-agent=transport=dt_socket,embedding=1,server=y,suspend=n,address=127.0.0.1:56512
Begin MonoManager ReloadAssembly
Registering precompiled unity dll's ...
Register platform support module: D:/compu/Unity/2021.3.7f1/Editor/Data/PlaybackEngines/WindowsStandaloneSupport/UnityEditor.WindowsStandalone.Extensions.dll
Registered in 0.003552 seconds.
Native extension for WindowsStandalone target not found
Refreshing native plugins compatible for Editor in 90.77 ms, found 3 plugins.
Preloading 0 native plugins for Editor in 0.00 ms.
Mono: successfully reloaded assembly
- Completed reload, in  0.697 seconds
Domain Reload Profiling:
	ReloadAssembly (698ms)
		BeginReloadAssembly (120ms)
			ExecutionOrderSort (0ms)
			DisableScriptedObjects (0ms)
			BackupInstance (0ms)
			ReleaseScriptingObjects (0ms)
			CreateAndSetChildDomain (1ms)
		EndReloadAssembly (463ms)
			LoadAssemblies (119ms)
			RebuildTransferFunctionScriptingTraits (0ms)
			SetupTypeCache (111ms)
			ReleaseScriptCaches (0ms)
			RebuildScriptCaches (31ms)
			SetupLoadedEditorAssemblies (272ms)
				LogAssemblyErrors (0ms)
				InitializePlatformSupportModulesInManaged (7ms)
				SetLoadedEditorAssemblies (0ms)
				RefreshPlugins (91ms)
				BeforeProcessingInitializeOnLoad (1ms)
				ProcessInitializeOnLoadAttributes (127ms)
				ProcessInitializeOnLoadMethodAttributes (46ms)
				AfterProcessingInitializeOnLoad (0ms)
				EditorAssembliesLoaded (0ms)
			ExecutionOrderSort2 (0ms)
			AwakeInstancesAfterBackupRestoration (0ms)
Platform modules already initialized, skipping
Registering precompiled user dll's ...
Registered in 0.003978 seconds.
Begin MonoManager ReloadAssembly
Symbol file LoadedFromMemory doesn't match image D:\compu\Documentos\Semestre\semestre 6\Computación grafica\Unity\Evaluacion1\Library\PackageCache\com.unity.visualscripting@1.7.8\Editor\VisualScripting.Core\Dependencies\YamlDotNet\Unity.VisualScripting.YamlDotNet.dll
Symbol file LoadedFromMemory doesn't match image D:\compu\Documentos\Semestre\semestre 6\Computación grafica\Unity\Evaluacion1\Library\PackageCache\com.unity.visualscripting@1.7.8\Editor\VisualScripting.Core\Dependencies\DotNetZip\Unity.VisualScripting.IonicZip.dll
Native extension for WindowsStandalone target not found
Refreshing native plugins compatible for Editor in 0.76 ms, found 3 plugins.
Preloading 0 native plugins for Editor in 0.00 ms.
Mono: successfully reloaded assembly
- Completed reload, in  3.257 seconds
Domain Reload Profiling:
	ReloadAssembly (3258ms)
		BeginReloadAssembly (159ms)
			ExecutionOrderSort (0ms)
			DisableScriptedObjects (7ms)
			BackupInstance (0ms)
			ReleaseScriptingObjects (0ms)
			CreateAndSetChildDomain (23ms)
		EndReloadAssembly (2796ms)
			LoadAssemblies (1659ms)
			RebuildTransferFunctionScriptingTraits (0ms)
			SetupTypeCache (321ms)
			ReleaseScriptCaches (1ms)
			RebuildScriptCaches (68ms)
			SetupLoadedEditorAssemblies (682ms)
				LogAssemblyErrors (0ms)
				InitializePlatformSupportModulesInManaged (6ms)
				SetLoadedEditorAssemblies (1ms)
				RefreshPlugins (1ms)
				BeforeProcessingInitializeOnLoad (113ms)
				ProcessInitializeOnLoadAttributes (432ms)
				ProcessInitializeOnLoadMethodAttributes (124ms)
				AfterProcessingInitializeOnLoad (6ms)
				EditorAssembliesLoaded (0ms)
			ExecutionOrderSort2 (0ms)
			AwakeInstancesAfterBackupRestoration (7ms)
Platform modules already initialized, skipping
========================================================================
Worker process is ready to serve import requests
Launched and connected shader compiler UnityShaderCompiler.exe after 1.90 seconds
Refreshing native plugins compatible for Editor in 1.70 ms, found 3 plugins.
Preloading 0 native plugins for Editor in 0.00 ms.
Unloading 3377 Unused Serialized files (Serialized files now loaded: 0)
Unloading 27 unused Assets / (111.0 KB). Loaded Objects now: 3834.
Memory consumption went from 117.2 MB to 117.1 MB.
Total: 57.591900 ms (FindLiveObjects: 0.314100 ms CreateObjectMapping: 0.253000 ms MarkObjects: 50.348300 ms  DeleteObjects: 6.674800 ms)

AssetImportParameters requested are different than current active one (requested -> active):
  custom:video-decoder-ogg-theora: a1e56fd34408186e4bbccfd4996cb3dc -> 
  custom:container-muxer-webm: aa71ff27fc2769a1b78a27578f13a17b -> 
  custom:container-demuxer-webm: 4f35f7cbe854078d1ac9338744f61a02 -> 
  custom:video-encoder-webm-vp8: eb34c28f22e8b96e1ab97ce403110664 -> 
  custom:video-codec-MediaFoundation-h265: 746d11721c4dcdbdad8f713fa42b33f4 -> 
  custom:audio-encoder-webm-vorbis: bf7c407c2cedff20999df2af8eb42d56 -> 
  custom:framework-win-MediaFoundation: 216162199b28c13a410421893ffa2e32 -> 
  custom:container-demuxer-ogg: 62fdf1f143b41e24485cea50d1cbac27 -> 
  custom:video-decoder-webm-vp8: 9c59270c3fd7afecdb556c50c9e8de78 -> 
  custom:audio-decoder-ogg-vorbis: bf7c407c2cedff20999df2af8eb42d56 -> 
========================================================================
Received Import Request.
  Time since last request: 274538.426506 seconds.
  path: Assets/Low Poly Hexagons/Assets/Models/Hexagons/Hex29.fbx
  artifactKey: Guid(1fcc1f73108fef449a622d99f23f1abc) Importer(815301076,1909f56bfc062723c751e8b465ee728b)
Start importing Assets/Low Poly Hexagons/Assets/Models/Hexagons/Hex29.fbx using Guid(1fcc1f73108fef449a622d99f23f1abc) Importer(815301076,1909f56bfc062723c751e8b465ee728b)  -> (artifact id: 'a341ef7c24a2a5cc7a3548a3ce9889cd') in 0.527742 seconds 
========================================================================
Received Import Request.
  Time since last request: 0.000027 seconds.
  path: Assets/Low Poly Hexagons/Assets/Models/Objects/Town.fbx
  artifactKey: Guid(cb4eccc9f4c069044b0526dfc89cf901) Importer(815301076,1909f56bfc062723c751e8b465ee728b)
Start importing Assets/Low Poly Hexagons/Assets/Models/Objects/Town.fbx using Guid(cb4eccc9f4c069044b0526dfc89cf901) Importer(815301076,1909f56bfc062723c751e8b465ee728b)  -> (artifact id: '2328366749f6859af20d0d3c5c6576f2') in 0.122555 seconds 
========================================================================
Received Import Request.
  Time since last request: 0.000052 seconds.
  path: Assets/Low Poly Hexagons/Assets/Models/Hexagons/Hex2.fbx
  artifactKey: Guid(7b4cb68aa4866e24b840b01b3cb8e69f) Importer(815301076,1909f56bfc062723c751e8b465ee728b)
Start importing Assets/Low Poly Hexagons/Assets/Models/Hexagons/Hex2.fbx using Guid(7b4cb68aa4866e24b840b01b3cb8e69f) Importer(815301076,1909f56bfc062723c751e8b465ee728b)  -> (artifact id: '73ef0cf53f57a3e700e7d36a4bada822') in 0.113294 seconds 
========================================================================
Received Import Request.
  Time since last request: 0.000056 seconds.
  path: Assets/Low Poly Hexagons/Assets/Models/Objects/Swamp.fbx
  artifactKey: Guid(30b38218aa154f045b0df6d51bde641d) Importer(815301076,1909f56bfc062723c751e8b465ee728b)
Start importing Assets/Low Poly Hexagons/Assets/Models/Objects/Swamp.fbx using Guid(30b38218aa154f045b0df6d51bde641d) Importer(815301076,1909f56bfc062723c751e8b465ee728b)  -> (artifact id: '6b4926281c4f2f8654d806ed388a017b') in 0.079317 seconds 
========================================================================
Received Import Request.
  Time since last request: 0.000027 seconds.
  path: Assets/Low Poly Hexagons/Assets/Models/Objects/SelectionRed.fbx
  artifactKey: Guid(3473d0131f929c8498dd62c83ef0056e) Importer(815301076,1909f56bfc062723c751e8b465ee728b)
Start importing Assets/Low Poly Hexagons/Assets/Models/Objects/SelectionRed.fbx using Guid(3473d0131f929c8498dd62c83ef0056e) Importer(815301076,1909f56bfc062723c751e8b465ee728b)  -> (artifact id: 'aacea9525cbb0b691c78a87bc3f93edd') in 0.068468 seconds 
========================================================================
Received Import Request.
  Time since last request: 0.000042 seconds.
  path: Assets/Low Poly Hexagons/Assets/Models/Hexagons/Hex7.fbx
  artifactKey: Guid(684e6ab60cee3124aac8540619e13d9d) Importer(815301076,1909f56bfc062723c751e8b465ee728b)
Start importing Assets/Low Poly Hexagons/Assets/Models/Hexagons/Hex7.fbx using Guid(684e6ab60cee3124aac8540619e13d9d) Importer(815301076,1909f56bfc062723c751e8b465ee728b)  -> (artifact id: 'e92840ec6c1e3176cebc102dd76fd6ad') in 0.042500 seconds 
========================================================================
Received Import Request.
  Time since last request: 0.000046 seconds.
  path: Assets/Low Poly Hexagons/Assets/Models/Objects/SelectionWhite.fbx
  artifactKey: Guid(71982be591066184d958695cbf3d4875) Importer(815301076,1909f56bfc062723c751e8b465ee728b)
Start importing Assets/Low Poly Hexagons/Assets/Models/Objects/SelectionWhite.fbx using Guid(71982be591066184d958695cbf3d4875) Importer(815301076,1909f56bfc062723c751e8b465ee728b)  -> (artifact id: '4f6c070d31f1a2b0f9e56e678278abda') in 0.089007 seconds 
========================================================================
Received Import Request.
  Time since last request: 0.000047 seconds.
  path: Assets/Low Poly Hexagons/Assets/Models/Objects/Pyramids.fbx
  artifactKey: Guid(3fd8a9196474680459c3f3e86e4a1ca0) Importer(815301076,1909f56bfc062723c751e8b465ee728b)
Start importing Assets/Low Poly Hexagons/Assets/Models/Objects/Pyramids.fbx using Guid(3fd8a9196474680459c3f3e86e4a1ca0) Importer(815301076,1909f56bfc062723c751e8b465ee728b)  -> (artifact id: '10db8ef8f28342e12f3660107ba07b66') in 0.082472 seconds 
========================================================================
Received Import Request.
  Time since last request: 0.000021 seconds.
  path: Assets/Low Poly Hexagons/Assets/Models/Hexagons/Lake.fbx
  artifactKey: Guid(1a6dcb961b8ee2a4eb42b0b33c1f8769) Importer(815301076,1909f56bfc062723c751e8b465ee728b)
Start importing Assets/Low Poly Hexagons/Assets/Models/Hexagons/Lake.fbx using Guid(1a6dcb961b8ee2a4eb42b0b33c1f8769) Importer(815301076,1909f56bfc062723c751e8b465ee728b)  -> (artifact id: '67a943a2c96801eb908b0ab9a49b298b') in 0.056992 seconds 
========================================================================
Received Import Request.
  Time since last request: 0.000040 seconds.
  path: Assets/Low Poly Hexagons/Assets/Models/Objects/Candy.fbx
  artifactKey: Guid(992ebedeb89f78745872862703a99350) Importer(815301076,1909f56bfc062723c751e8b465ee728b)
Start importing Assets/Low Poly Hexagons/Assets/Models/Objects/Candy.fbx using Guid(992ebedeb89f78745872862703a99350) Importer(815301076,1909f56bfc062723c751e8b465ee728b)  -> (artifact id: '8a6df577ca0fde038db03ce8b2bbbd15') in 0.067565 seconds 
========================================================================
Received Import Request.
  Time since last request: 0.000023 seconds.
  path: Assets/Low Poly Hexagons/Assets/Models/Objects/PalmTrees.fbx
  artifactKey: Guid(fa4b2ff13c344434b8094e8784f48439) Importer(815301076,1909f56bfc062723c751e8b465ee728b)
Start importing Assets/Low Poly Hexagons/Assets/Models/Objects/PalmTrees.fbx using Guid(fa4b2ff13c344434b8094e8784f48439) Importer(815301076,1909f56bfc062723c751e8b465ee728b)  -> (artifact id: '5bbed0a0b734ac29ec02fc83ccbabfab') in 0.097182 seconds 
========================================================================
Received Import Request.
  Time since last request: 0.000037 seconds.
  path: Assets/Low Poly Hexagons/Assets/Models/Hexagons/Hex9.fbx
  artifactKey: Guid(1341def1465b9ee42ab1a58327fc3676) Importer(815301076,1909f56bfc062723c751e8b465ee728b)
Start importing Assets/Low Poly Hexagons/Assets/Models/Hexagons/Hex9.fbx using Guid(1341def1465b9ee42ab1a58327fc3676) Importer(815301076,1909f56bfc062723c751e8b465ee728b)  -> (artifact id: '157b3f4efd1928917c7a92c85adcc57f') in 0.079650 seconds 
========================================================================
Received Import Request.
  Time since last request: 0.000020 seconds.
  path: Assets/Low Poly Hexagons/Assets/Models/Hexagons/Hex26.fbx
  artifactKey: Guid(7590e19e847d1b4498786bd7e5045b7b) Importer(815301076,1909f56bfc062723c751e8b465ee728b)
Start importing Assets/Low Poly Hexagons/Assets/Models/Hexagons/Hex26.fbx using Guid(7590e19e847d1b4498786bd7e5045b7b) Importer(815301076,1909f56bfc062723c751e8b465ee728b)  -> (artifact id: '8712b114c2e8985d4cfcb1dbf442ac29') in 0.081603 seconds 
========================================================================
Received Import Request.
  Time since last request: 0.000023 seconds.
  path: Assets/Low Poly Hexagons/Assets/Models/Objects/Crops.fbx
  artifactKey: Guid(aa92d7499b0a4b643945a413fc6d6391) Importer(815301076,1909f56bfc062723c751e8b465ee728b)
Start importing Assets/Low Poly Hexagons/Assets/Models/Objects/Crops.fbx using Guid(aa92d7499b0a4b643945a413fc6d6391) Importer(815301076,1909f56bfc062723c751e8b465ee728b)  -> (artifact id: 'fc86f18e6e798db06b08707aa60c2b0e') in 0.089101 seconds 
========================================================================
Received Import Request.
  Time since last request: 0.000022 seconds.
  path: Assets/Low Poly Hexagons/Assets/Models/Hexagons/Hex6.fbx
  artifactKey: Guid(3809834aaf39bdb45aa59310501239af) Importer(815301076,1909f56bfc062723c751e8b465ee728b)
Start importing Assets/Low Poly Hexagons/Assets/Models/Hexagons/Hex6.fbx using Guid(3809834aaf39bdb45aa59310501239af) Importer(815301076,1909f56bfc062723c751e8b465ee728b)  -> (artifact id: 'ef6323540c4b8911c1ab220863f843d1') in 0.084485 seconds 
========================================================================
Received Import Request.
  Time since last request: 0.000019 seconds.
  path: Assets/Low Poly Hexagons/Assets/Models/Hexagons/Hex27.fbx
  artifactKey: Guid(f18add7e66c6e53428c87798c50cf2ae) Importer(815301076,1909f56bfc062723c751e8b465ee728b)
Start importing Assets/Low Poly Hexagons/Assets/Models/Hexagons/Hex27.fbx using Guid(f18add7e66c6e53428c87798c50cf2ae) Importer(815301076,1909f56bfc062723c751e8b465ee728b)  -> (artifact id: 'f23e582b45e27b2a1365d3b8506552a1') in 0.078974 seconds 
========================================================================
Received Import Request.
  Time since last request: 0.000029 seconds.
  path: Assets/Low Poly Hexagons/Assets/Models/Hexagons/Hex10.fbx
  artifactKey: Guid(a415174bfd1c4214c8fa8a3dd313aba6) Importer(815301076,1909f56bfc062723c751e8b465ee728b)
Start importing Assets/Low Poly Hexagons/Assets/Models/Hexagons/Hex10.fbx using Guid(a415174bfd1c4214c8fa8a3dd313aba6) Importer(815301076,1909f56bfc062723c751e8b465ee728b)  -> (artifact id: '4457bdb9ba5cfee8d0fe2b4397a7f4b5') in 0.077456 seconds 
========================================================================
Received Import Request.
  Time since last request: 0.000017 seconds.
  path: Assets/Low Poly Hexagons/Assets/Models/Objects/GlaciersOnWater.fbx
  artifactKey: Guid(1d59c68e50152a7469718524c718b591) Importer(815301076,1909f56bfc062723c751e8b465ee728b)
Start importing Assets/Low Poly Hexagons/Assets/Models/Objects/GlaciersOnWater.fbx using Guid(1d59c68e50152a7469718524c718b591) Importer(815301076,1909f56bfc062723c751e8b465ee728b)  -> (artifact id: 'bd1e78a674cee87c0f89a2f518069d0a') in 0.076738 seconds 
========================================================================
Received Import Request.
  Time since last request: 0.000021 seconds.
  path: Assets/Low Poly Hexagons/Assets/Models/Objects/RoadEnd.fbx
  artifactKey: Guid(e80f0d7a06f0d2e4681e3650923cc24f) Importer(815301076,1909f56bfc062723c751e8b465ee728b)
Start importing Assets/Low Poly Hexagons/Assets/Models/Objects/RoadEnd.fbx using Guid(e80f0d7a06f0d2e4681e3650923cc24f) Importer(815301076,1909f56bfc062723c751e8b465ee728b)  -> (artifact id: 'a3e65648804ad917f12bdec23730e969') in 0.037844 seconds 
========================================================================
Received Import Request.
  Time since last request: 0.000102 seconds.
  path: Assets/Low Poly Hexagons/Assets/Models/Objects/Fence.fbx
  artifactKey: Guid(017dba9d3f86e55429403ce249b9d374) Importer(815301076,1909f56bfc062723c751e8b465ee728b)
Start importing Assets/Low Poly Hexagons/Assets/Models/Objects/Fence.fbx using Guid(017dba9d3f86e55429403ce249b9d374) Importer(815301076,1909f56bfc062723c751e8b465ee728b)  -> (artifact id: '357e5b9d08ef46e5282c732c0015adf4') in 0.114208 seconds 
========================================================================
Received Import Request.
  Time since last request: 0.000021 seconds.
  path: Assets/Low Poly Hexagons/Assets/Models/Hexagons/Hex8.fbx
  artifactKey: Guid(9191f7b022d593c41ac7300bac249d06) Importer(815301076,1909f56bfc062723c751e8b465ee728b)
Start importing Assets/Low Poly Hexagons/Assets/Models/Hexagons/Hex8.fbx using Guid(9191f7b022d593c41ac7300bac249d06) Importer(815301076,1909f56bfc062723c751e8b465ee728b)  -> (artifact id: 'f61188f6f2a6befcb9684435b4d7befc') in 0.065354 seconds 
========================================================================
Received Import Request.
  Time since last request: 0.000027 seconds.
  path: Assets/Low Poly Hexagons/Assets/Models/Hexagons/Hex14.fbx
  artifactKey: Guid(af5b57b852ef0394780de2f3f4b82968) Importer(815301076,1909f56bfc062723c751e8b465ee728b)
Start importing Assets/Low Poly Hexagons/Assets/Models/Hexagons/Hex14.fbx using Guid(af5b57b852ef0394780de2f3f4b82968) Importer(815301076,1909f56bfc062723c751e8b465ee728b)  -> (artifact id: '98cf97284a01404ede329bffe87e4c4f') in 0.079365 seconds 
========================================================================
Received Import Request.
  Time since last request: 0.000060 seconds.
  path: Assets/Low Poly Hexagons/Assets/Models/Objects/EvilCastle.fbx
  artifactKey: Guid(babdee3501cc4c544857998486e731f4) Importer(815301076,1909f56bfc062723c751e8b465ee728b)
Start importing Assets/Low Poly Hexagons/Assets/Models/Objects/EvilCastle.fbx using Guid(babdee3501cc4c544857998486e731f4) Importer(815301076,1909f56bfc062723c751e8b465ee728b)  -> (artifact id: 'd421e4475ecc69db97327085b18a9fcd') in 0.089036 seconds 
========================================================================
Received Import Request.
  Time since last request: 0.000019 seconds.
  path: Assets/Low Poly Hexagons/Assets/Models/Objects/Forest.fbx
  artifactKey: Guid(26be381455f4a274c8688dd8ff4f5893) Importer(815301076,1909f56bfc062723c751e8b465ee728b)
Start importing Assets/Low Poly Hexagons/Assets/Models/Objects/Forest.fbx using Guid(26be381455f4a274c8688dd8ff4f5893) Importer(815301076,1909f56bfc062723c751e8b465ee728b)  -> (artifact id: '24d30b91864b3891ccb506065a63409f') in 0.100481 seconds 
========================================================================
Received Import Request.
  Time since last request: 21.707379 seconds.
  path: Assets/Low Poly Hexagons/Assets/Materials/HexagonsShared.mat
  artifactKey: Guid(cf051fba995609b459f0eb4baf4bb478) Importer(815301076,1909f56bfc062723c751e8b465ee728b)
Start importing Assets/Low Poly Hexagons/Assets/Materials/HexagonsShared.mat using Guid(cf051fba995609b459f0eb4baf4bb478) Importer(815301076,1909f56bfc062723c751e8b465ee728b)  -> (artifact id: 'f52b0363a5ebdc53f5a6879d367bb44e') in 0.443164 seconds 
========================================================================
Received Prepare
Registering precompiled user dll's ...
Registered in 0.004464 seconds.
Begin MonoManager ReloadAssembly
Symbol file LoadedFromMemory doesn't match image D:\compu\Documentos\Semestre\semestre 6\Computación grafica\Unity\Evaluacion1\Library\PackageCache\com.unity.visualscripting@1.7.8\Editor\VisualScripting.Core\Dependencies\YamlDotNet\Unity.VisualScripting.YamlDotNet.dll
Symbol file LoadedFromMemory doesn't match image D:\compu\Documentos\Semestre\semestre 6\Computación grafica\Unity\Evaluacion1\Library\PackageCache\com.unity.visualscripting@1.7.8\Editor\VisualScripting.Core\Dependencies\DotNetZip\Unity.VisualScripting.IonicZip.dll
Native extension for WindowsStandalone target not found
Refreshing native plugins compatible for Editor in 0.56 ms, found 3 plugins.
Preloading 0 native plugins for Editor in 0.00 ms.
Mono: successfully reloaded assembly
- Completed reload, in  1.093 seconds
Domain Reload Profiling:
	ReloadAssembly (1093ms)
		BeginReloadAssembly (239ms)
			ExecutionOrderSort (0ms)
			DisableScriptedObjects (9ms)
			BackupInstance (0ms)
			ReleaseScriptingObjects (0ms)
			CreateAndSetChildDomain (40ms)
		EndReloadAssembly (764ms)
			LoadAssemblies (87ms)
			RebuildTransferFunctionScriptingTraits (0ms)
			SetupTypeCache (270ms)
			ReleaseScriptCaches (1ms)
			RebuildScriptCaches (39ms)
			SetupLoadedEditorAssemblies (326ms)
				LogAssemblyErrors (0ms)
				InitializePlatformSupportModulesInManaged (12ms)
				SetLoadedEditorAssemblies (1ms)
				RefreshPlugins (1ms)
				BeforeProcessingInitializeOnLoad (67ms)
				ProcessInitializeOnLoadAttributes (209ms)
				ProcessInitializeOnLoadMethodAttributes (33ms)
				AfterProcessingInitializeOnLoad (3ms)
				EditorAssembliesLoaded (0ms)
			ExecutionOrderSort2 (0ms)
			AwakeInstancesAfterBackupRestoration (7ms)
Platform modules already initialized, skipping
Refreshing native plugins compatible for Editor in 3.48 ms, found 3 plugins.
Preloading 0 native plugins for Editor in 0.00 ms.
Unloading 3372 Unused Serialized files (Serialized files now loaded: 0)
Unloading 20 unused Assets / (78.2 KB). Loaded Objects now: 3879.
Memory consumption went from 121.9 MB to 121.8 MB.
Total: 5.003900 ms (FindLiveObjects: 0.257400 ms CreateObjectMapping: 0.139300 ms MarkObjects: 4.511200 ms  DeleteObjects: 0.095000 ms)

AssetImportParameters requested are different than current active one (requested -> active):
  custom:video-decoder-ogg-theora: a1e56fd34408186e4bbccfd4996cb3dc -> 
  custom:container-muxer-webm: aa71ff27fc2769a1b78a27578f13a17b -> 
  custom:container-demuxer-webm: 4f35f7cbe854078d1ac9338744f61a02 -> 
  custom:video-encoder-webm-vp8: eb34c28f22e8b96e1ab97ce403110664 -> 
  custom:video-codec-MediaFoundation-h265: 746d11721c4dcdbdad8f713fa42b33f4 -> 
  custom:audio-encoder-webm-vorbis: bf7c407c2cedff20999df2af8eb42d56 -> 
  custom:framework-win-MediaFoundation: 216162199b28c13a410421893ffa2e32 -> 
  custom:container-demuxer-ogg: 62fdf1f143b41e24485cea50d1cbac27 -> 
  custom:video-decoder-webm-vp8: 9c59270c3fd7afecdb556c50c9e8de78 -> 
  custom:audio-decoder-ogg-vorbis: bf7c407c2cedff20999df2af8eb42d56 -> 
========================================================================
Received Prepare
Registering precompiled user dll's ...
Registered in 0.005312 seconds.
Begin MonoManager ReloadAssembly
Symbol file LoadedFromMemory doesn't match image D:\compu\Documentos\Semestre\semestre 6\Computación grafica\Unity\Evaluacion1\Library\PackageCache\com.unity.visualscripting@1.7.8\Editor\VisualScripting.Core\Dependencies\YamlDotNet\Unity.VisualScripting.YamlDotNet.dll
Symbol file LoadedFromMemory doesn't match image D:\compu\Documentos\Semestre\semestre 6\Computación grafica\Unity\Evaluacion1\Library\PackageCache\com.unity.visualscripting@1.7.8\Editor\VisualScripting.Core\Dependencies\DotNetZip\Unity.VisualScripting.IonicZip.dll
Native extension for WindowsStandalone target not found
Refreshing native plugins compatible for Editor in 0.56 ms, found 3 plugins.
Preloading 0 native plugins for Editor in 0.00 ms.
Mono: successfully reloaded assembly
- Completed reload, in  1.118 seconds
Domain Reload Profiling:
	ReloadAssembly (1119ms)
		BeginReloadAssembly (162ms)
			ExecutionOrderSort (0ms)
			DisableScriptedObjects (6ms)
			BackupInstance (0ms)
			ReleaseScriptingObjects (0ms)
			CreateAndSetChildDomain (49ms)
		EndReloadAssembly (852ms)
			LoadAssemblies (103ms)
			RebuildTransferFunctionScriptingTraits (0ms)
			SetupTypeCache (306ms)
			ReleaseScriptCaches (1ms)
			RebuildScriptCaches (46ms)
			SetupLoadedEditorAssemblies (346ms)
				LogAssemblyErrors (0ms)
				InitializePlatformSupportModulesInManaged (12ms)
				SetLoadedEditorAssemblies (0ms)
				RefreshPlugins (1ms)
				BeforeProcessingInitializeOnLoad (67ms)
				ProcessInitializeOnLoadAttributes (224ms)
				ProcessInitializeOnLoadMethodAttributes (37ms)
				AfterProcessingInitializeOnLoad (4ms)
				EditorAssembliesLoaded (0ms)
			ExecutionOrderSort2 (0ms)
			AwakeInstancesAfterBackupRestoration (9ms)
Platform modules already initialized, skipping
Refreshing native plugins compatible for Editor in 1.78 ms, found 3 plugins.
Preloading 0 native plugins for Editor in 0.00 ms.
Unloading 3372 Unused Serialized files (Serialized files now loaded: 0)
Unloading 20 unused Assets / (78.2 KB). Loaded Objects now: 3882.
Memory consumption went from 121.9 MB to 121.8 MB.
Total: 7.002900 ms (FindLiveObjects: 0.700300 ms CreateObjectMapping: 0.241500 ms MarkObjects: 5.966300 ms  DeleteObjects: 0.091600 ms)

AssetImportParameters requested are different than current active one (requested -> active):
  custom:video-decoder-ogg-theora: a1e56fd34408186e4bbccfd4996cb3dc -> 
  custom:container-muxer-webm: aa71ff27fc2769a1b78a27578f13a17b -> 
  custom:container-demuxer-webm: 4f35f7cbe854078d1ac9338744f61a02 -> 
  custom:video-encoder-webm-vp8: eb34c28f22e8b96e1ab97ce403110664 -> 
  custom:video-codec-MediaFoundation-h265: 746d11721c4dcdbdad8f713fa42b33f4 -> 
  custom:audio-encoder-webm-vorbis: bf7c407c2cedff20999df2af8eb42d56 -> 
  custom:framework-win-MediaFoundation: 216162199b28c13a410421893ffa2e32 -> 
  custom:container-demuxer-ogg: 62fdf1f143b41e24485cea50d1cbac27 -> 
  custom:video-decoder-webm-vp8: 9c59270c3fd7afecdb556c50c9e8de78 -> 
  custom:audio-decoder-ogg-vorbis: bf7c407c2cedff20999df2af8eb42d56 -> 
========================================================================
Received Import Request.
  Time since last request: 8421.856516 seconds.
  path: Assets/Low Poly Hexagons/Assets/Materials
  artifactKey: Guid(cdb3fb4ad8060a247971d6ff8cc703b0) Importer(815301076,1909f56bfc062723c751e8b465ee728b)
Start importing Assets/Low Poly Hexagons/Assets/Materials using Guid(cdb3fb4ad8060a247971d6ff8cc703b0) Importer(815301076,1909f56bfc062723c751e8b465ee728b)  -> (artifact id: '59a2c3f042826a3892497f537c2b930e') in 0.031674 seconds 
========================================================================
Received Import Request.
  Time since last request: 16.643423 seconds.
  path: Assets/Low Poly Hexagons/Assets/Materials/enemigos.mat
  artifactKey: Guid(a8128bc0f18b63040bf394fb3cafdb86) Importer(815301076,1909f56bfc062723c751e8b465ee728b)
Start importing Assets/Low Poly Hexagons/Assets/Materials/enemigos.mat using Guid(a8128bc0f18b63040bf394fb3cafdb86) Importer(815301076,1909f56bfc062723c751e8b465ee728b)  -> (artifact id: '29604fcd5f292ee6b3a9837963e112a7') in 0.113491 seconds 
========================================================================
Received Import Request.
  Time since last request: 285.567583 seconds.
  path: Assets/Low Poly Hexagons/Assets/Materials/enemigos.mat
  artifactKey: Guid(a8128bc0f18b63040bf394fb3cafdb86) Importer(815301076,1909f56bfc062723c751e8b465ee728b)
Start importing Assets/Low Poly Hexagons/Assets/Materials/enemigos.mat using Guid(a8128bc0f18b63040bf394fb3cafdb86) Importer(815301076,1909f56bfc062723c751e8b465ee728b)  -> (artifact id: '4b744ec7d087979ab547ab9df2771e2f') in 0.050393 seconds 
