Using pre-set license
Built from '2021.3/staging' branch; Version is '2021.3.7f1 (24e8595d6d43) revision 2418777'; Using compiler version '192829333'; Build Type 'Release'
OS: 'Windows 10  (10.0.19044) 64bit CoreSingleLanguage' Language: 'es' Physical Memory: 8065 MB
BatchMode: 1, IsHumanControllingUs: 0, StartBugReporterOnCrash: 0, Is64bit: 1, IsPro: 1

COMMAND LINE ARGUMENTS:
D:\compu\Unity\2021.3.7f1\Editor\Unity.exe
-adb2
-batchMode
-noUpm
-name
AssetImportWorker3
-projectPath
D:/compu/Documentos/Semestre/semestre 6/Computación grafica/Unity/Evaluacion1
-logFile
Logs/AssetImportWorker3.log
-srvPort
61741
Successfully changed project path to: D:/compu/Documentos/Semestre/semestre 6/Computación grafica/Unity/Evaluacion1
D:/compu/Documentos/Semestre/semestre 6/Computación grafica/Unity/Evaluacion1
[UnityMemory] Configuration Parameters - Can be set up in boot.config
    "memorysetup-bucket-allocator-granularity=16"
    "memorysetup-bucket-allocator-bucket-count=8"
    "memorysetup-bucket-allocator-block-size=33554432"
    "memorysetup-bucket-allocator-block-count=8"
    "memorysetup-main-allocator-block-size=16777216"
    "memorysetup-thread-allocator-block-size=16777216"
    "memorysetup-gfx-main-allocator-block-size=16777216"
    "memorysetup-gfx-thread-allocator-block-size=16777216"
    "memorysetup-cache-allocator-block-size=4194304"
    "memorysetup-typetree-allocator-block-size=2097152"
    "memorysetup-profiler-bucket-allocator-granularity=16"
    "memorysetup-profiler-bucket-allocator-bucket-count=8"
    "memorysetup-profiler-bucket-allocator-block-size=33554432"
    "memorysetup-profiler-bucket-allocator-block-count=8"
    "memorysetup-profiler-allocator-block-size=16777216"
    "memorysetup-profiler-editor-allocator-block-size=1048576"
    "memorysetup-temp-allocator-size-main=16777216"
    "memorysetup-job-temp-allocator-block-size=2097152"
    "memorysetup-job-temp-allocator-block-size-background=1048576"
    "memorysetup-job-temp-allocator-reduction-small-platforms=262144"
    "memorysetup-temp-allocator-size-background-worker=32768"
    "memorysetup-temp-allocator-size-job-worker=262144"
    "memorysetup-temp-allocator-size-preload-manager=33554432"
    "memorysetup-temp-allocator-size-nav-mesh-worker=65536"
    "memorysetup-temp-allocator-size-audio-worker=65536"
    "memorysetup-temp-allocator-size-cloud-worker=32768"
    "memorysetup-temp-allocator-size-gi-baking-worker=262144"
    "memorysetup-temp-allocator-size-gfx=262144"
Refreshing native plugins compatible for Editor in 92.40 ms, found 3 plugins.
Preloading 0 native plugins for Editor in 0.00 ms.
Initialize engine version: 2021.3.7f1 (24e8595d6d43)
[Subsystems] Discovering subsystems at path D:/compu/Unity/2021.3.7f1/Editor/Data/Resources/UnitySubsystems
[Subsystems] Discovering subsystems at path D:/compu/Documentos/Semestre/semestre 6/Computación grafica/Unity/Evaluacion1/Assets
GfxDevice: creating device client; threaded=0; jobified=0
Direct3D:
    Version:  Direct3D 11.0 [level 11.1]
    Renderer: NVIDIA GeForce GTX 1050 (ID=0x1c8d)
    Vendor:   NVIDIA
    VRAM:     4019 MB
    Driver:   27.21.14.6647
Initialize mono
Mono path[0] = 'D:/compu/Unity/2021.3.7f1/Editor/Data/Managed'
Mono path[1] = 'D:/compu/Unity/2021.3.7f1/Editor/Data/MonoBleedingEdge/lib/mono/unityjit-win32'
Mono config path = 'D:/compu/Unity/2021.3.7f1/Editor/Data/MonoBleedingEdge/etc'
Using monoOptions --debugger-agent=transport=dt_socket,embedding=1,server=y,suspend=n,address=127.0.0.1:56856
Begin MonoManager ReloadAssembly
Registering precompiled unity dll's ...
Register platform support module: D:/compu/Unity/2021.3.7f1/Editor/Data/PlaybackEngines/WindowsStandaloneSupport/UnityEditor.WindowsStandalone.Extensions.dll
Registered in 0.003869 seconds.
Native extension for WindowsStandalone target not found
Refreshing native plugins compatible for Editor in 92.78 ms, found 3 plugins.
Preloading 0 native plugins for Editor in 0.00 ms.
Mono: successfully reloaded assembly
- Completed reload, in  0.765 seconds
Domain Reload Profiling:
	ReloadAssembly (766ms)
		BeginReloadAssembly (118ms)
			ExecutionOrderSort (0ms)
			DisableScriptedObjects (0ms)
			BackupInstance (0ms)
			ReleaseScriptingObjects (0ms)
			CreateAndSetChildDomain (1ms)
		EndReloadAssembly (483ms)
			LoadAssemblies (116ms)
			RebuildTransferFunctionScriptingTraits (0ms)
			SetupTypeCache (127ms)
			ReleaseScriptCaches (0ms)
			RebuildScriptCaches (30ms)
			SetupLoadedEditorAssemblies (272ms)
				LogAssemblyErrors (0ms)
				InitializePlatformSupportModulesInManaged (6ms)
				SetLoadedEditorAssemblies (0ms)
				RefreshPlugins (93ms)
				BeforeProcessingInitializeOnLoad (1ms)
				ProcessInitializeOnLoadAttributes (126ms)
				ProcessInitializeOnLoadMethodAttributes (46ms)
				AfterProcessingInitializeOnLoad (0ms)
				EditorAssembliesLoaded (0ms)
			ExecutionOrderSort2 (0ms)
			AwakeInstancesAfterBackupRestoration (0ms)
Platform modules already initialized, skipping
Registering precompiled user dll's ...
Registered in 0.004303 seconds.
Begin MonoManager ReloadAssembly
Symbol file LoadedFromMemory doesn't match image D:\compu\Documentos\Semestre\semestre 6\Computación grafica\Unity\Evaluacion1\Library\PackageCache\com.unity.visualscripting@1.7.8\Editor\VisualScripting.Core\Dependencies\YamlDotNet\Unity.VisualScripting.YamlDotNet.dll
Symbol file LoadedFromMemory doesn't match image D:\compu\Documentos\Semestre\semestre 6\Computación grafica\Unity\Evaluacion1\Library\PackageCache\com.unity.visualscripting@1.7.8\Editor\VisualScripting.Core\Dependencies\DotNetZip\Unity.VisualScripting.IonicZip.dll
Native extension for WindowsStandalone target not found
Refreshing native plugins compatible for Editor in 1.03 ms, found 3 plugins.
Preloading 0 native plugins for Editor in 0.00 ms.
Mono: successfully reloaded assembly
- Completed reload, in  3.222 seconds
Domain Reload Profiling:
	ReloadAssembly (3223ms)
		BeginReloadAssembly (127ms)
			ExecutionOrderSort (0ms)
			DisableScriptedObjects (6ms)
			BackupInstance (0ms)
			ReleaseScriptingObjects (0ms)
			CreateAndSetChildDomain (22ms)
		EndReloadAssembly (2796ms)
			LoadAssemblies (1663ms)
			RebuildTransferFunctionScriptingTraits (0ms)
			SetupTypeCache (305ms)
			ReleaseScriptCaches (1ms)
			RebuildScriptCaches (57ms)
			SetupLoadedEditorAssemblies (682ms)
				LogAssemblyErrors (0ms)
				InitializePlatformSupportModulesInManaged (6ms)
				SetLoadedEditorAssemblies (1ms)
				RefreshPlugins (1ms)
				BeforeProcessingInitializeOnLoad (135ms)
				ProcessInitializeOnLoadAttributes (412ms)
				ProcessInitializeOnLoadMethodAttributes (121ms)
				AfterProcessingInitializeOnLoad (6ms)
				EditorAssembliesLoaded (0ms)
			ExecutionOrderSort2 (0ms)
			AwakeInstancesAfterBackupRestoration (7ms)
Platform modules already initialized, skipping
========================================================================
Worker process is ready to serve import requests
Launched and connected shader compiler UnityShaderCompiler.exe after 1.94 seconds
Refreshing native plugins compatible for Editor in 1.68 ms, found 3 plugins.
Preloading 0 native plugins for Editor in 0.00 ms.
Unloading 3377 Unused Serialized files (Serialized files now loaded: 0)
Unloading 27 unused Assets / (111.0 KB). Loaded Objects now: 3834.
Memory consumption went from 117.2 MB to 117.1 MB.
Total: 64.166200 ms (FindLiveObjects: 0.788100 ms CreateObjectMapping: 0.233300 ms MarkObjects: 56.468600 ms  DeleteObjects: 6.674500 ms)

AssetImportParameters requested are different than current active one (requested -> active):
  custom:video-decoder-ogg-theora: a1e56fd34408186e4bbccfd4996cb3dc -> 
  custom:container-muxer-webm: aa71ff27fc2769a1b78a27578f13a17b -> 
  custom:container-demuxer-webm: 4f35f7cbe854078d1ac9338744f61a02 -> 
  custom:video-encoder-webm-vp8: eb34c28f22e8b96e1ab97ce403110664 -> 
  custom:video-codec-MediaFoundation-h265: 746d11721c4dcdbdad8f713fa42b33f4 -> 
  custom:audio-encoder-webm-vorbis: bf7c407c2cedff20999df2af8eb42d56 -> 
  custom:framework-win-MediaFoundation: 216162199b28c13a410421893ffa2e32 -> 
  custom:container-demuxer-ogg: 62fdf1f143b41e24485cea50d1cbac27 -> 
  custom:video-decoder-webm-vp8: 9c59270c3fd7afecdb556c50c9e8de78 -> 
  custom:audio-decoder-ogg-vorbis: bf7c407c2cedff20999df2af8eb42d56 -> 
========================================================================
Received Import Request.
  Time since last request: 274538.426600 seconds.
  path: Assets/Low Poly Hexagons/Assets/Models/Hexagons/Hex13.fbx
  artifactKey: Guid(ca9e0f6616063104d839cea15011588f) Importer(815301076,1909f56bfc062723c751e8b465ee728b)
Start importing Assets/Low Poly Hexagons/Assets/Models/Hexagons/Hex13.fbx using Guid(ca9e0f6616063104d839cea15011588f) Importer(815301076,1909f56bfc062723c751e8b465ee728b)  -> (artifact id: 'e2115a3d111c45a07aedb9f653711455') in 0.527636 seconds 
========================================================================
Received Import Request.
  Time since last request: 0.000028 seconds.
  path: Assets/Low Poly Hexagons/Assets/Models/Hexagons/Hex25.fbx
  artifactKey: Guid(d3d9160fa9fac894da21c01c11514990) Importer(815301076,1909f56bfc062723c751e8b465ee728b)
Start importing Assets/Low Poly Hexagons/Assets/Models/Hexagons/Hex25.fbx using Guid(d3d9160fa9fac894da21c01c11514990) Importer(815301076,1909f56bfc062723c751e8b465ee728b)  -> (artifact id: '2a44243c719f1a3be6c4a83d69230203') in 0.129522 seconds 
========================================================================
Received Import Request.
  Time since last request: 0.000064 seconds.
  path: Assets/Low Poly Hexagons/Assets/Models/Hexagons/Hex28.fbx
  artifactKey: Guid(afea607c0ddd7564e84d074e1879e2b5) Importer(815301076,1909f56bfc062723c751e8b465ee728b)
Start importing Assets/Low Poly Hexagons/Assets/Models/Hexagons/Hex28.fbx using Guid(afea607c0ddd7564e84d074e1879e2b5) Importer(815301076,1909f56bfc062723c751e8b465ee728b)  -> (artifact id: 'b7a1f463f3806be033375cc8175a254b') in 0.148453 seconds 
========================================================================
Received Import Request.
  Time since last request: 0.000022 seconds.
  path: Assets/Low Poly Hexagons/Assets/Models/Hexagons/Hex18.fbx
  artifactKey: Guid(71cd1ad80b827b441897f13882a924f9) Importer(815301076,1909f56bfc062723c751e8b465ee728b)
Start importing Assets/Low Poly Hexagons/Assets/Models/Hexagons/Hex18.fbx using Guid(71cd1ad80b827b441897f13882a924f9) Importer(815301076,1909f56bfc062723c751e8b465ee728b)  -> (artifact id: 'bc41ad8658862beb8d03ed4de1bc1fd6') in 0.067568 seconds 
========================================================================
Received Import Request.
  Time since last request: 0.000038 seconds.
  path: Assets/Low Poly Hexagons/Assets/Models/Hexagons/Hex4.fbx
  artifactKey: Guid(91a2aeb1386bff241ab23bb98d4f9bba) Importer(815301076,1909f56bfc062723c751e8b465ee728b)
Start importing Assets/Low Poly Hexagons/Assets/Models/Hexagons/Hex4.fbx using Guid(91a2aeb1386bff241ab23bb98d4f9bba) Importer(815301076,1909f56bfc062723c751e8b465ee728b)  -> (artifact id: '940da71a4c2a587e1b41921ccbb565c7') in 0.094860 seconds 
========================================================================
Received Import Request.
  Time since last request: 0.000023 seconds.
  path: Assets/Low Poly Hexagons/Assets/Models/Objects/RoadStraight.fbx
  artifactKey: Guid(389d5010c2746414c8d7802f26578667) Importer(815301076,1909f56bfc062723c751e8b465ee728b)
Start importing Assets/Low Poly Hexagons/Assets/Models/Objects/RoadStraight.fbx using Guid(389d5010c2746414c8d7802f26578667) Importer(815301076,1909f56bfc062723c751e8b465ee728b)  -> (artifact id: '8b2a6b2cc2e07650e33140b38cc4e8b3') in 0.087458 seconds 
========================================================================
Received Import Request.
  Time since last request: 0.000041 seconds.
  path: Assets/Low Poly Hexagons/Assets/Models/Objects/DesertMountain.fbx
  artifactKey: Guid(7eeda7af5f1bf7248aa25cadf7804e79) Importer(815301076,1909f56bfc062723c751e8b465ee728b)
Start importing Assets/Low Poly Hexagons/Assets/Models/Objects/DesertMountain.fbx using Guid(7eeda7af5f1bf7248aa25cadf7804e79) Importer(815301076,1909f56bfc062723c751e8b465ee728b)  -> (artifact id: '656b73790afea2dc14ba7b83591aa940') in 0.068583 seconds 
========================================================================
Received Import Request.
  Time since last request: 0.000029 seconds.
  path: Assets/Low Poly Hexagons/Assets/Models/Hexagons/Hex23.fbx
  artifactKey: Guid(09800fb7ecd7dfa499d1a9b3e9414605) Importer(815301076,1909f56bfc062723c751e8b465ee728b)
Start importing Assets/Low Poly Hexagons/Assets/Models/Hexagons/Hex23.fbx using Guid(09800fb7ecd7dfa499d1a9b3e9414605) Importer(815301076,1909f56bfc062723c751e8b465ee728b)  -> (artifact id: '0b293d7e866391a99204eb7c419d76e2') in 0.042165 seconds 
========================================================================
Received Import Request.
  Time since last request: 0.000062 seconds.
  path: Assets/Low Poly Hexagons/Assets/Models/Hexagons/Hex31.fbx
  artifactKey: Guid(66c95755fe17bd7479da5154e7a6f309) Importer(815301076,1909f56bfc062723c751e8b465ee728b)
Start importing Assets/Low Poly Hexagons/Assets/Models/Hexagons/Hex31.fbx using Guid(66c95755fe17bd7479da5154e7a6f309) Importer(815301076,1909f56bfc062723c751e8b465ee728b)  -> (artifact id: 'ae18a9b2f9ae1544ec2c31f282a1477b') in 0.062630 seconds 
========================================================================
Received Import Request.
  Time since last request: 0.000067 seconds.
  path: Assets/Low Poly Hexagons/Assets/Models/Objects/ForestCutDown.fbx
  artifactKey: Guid(33402c7be1d334e4ca6727402135ab21) Importer(815301076,1909f56bfc062723c751e8b465ee728b)
Start importing Assets/Low Poly Hexagons/Assets/Models/Objects/ForestCutDown.fbx using Guid(33402c7be1d334e4ca6727402135ab21) Importer(815301076,1909f56bfc062723c751e8b465ee728b)  -> (artifact id: 'bb43cda74da5e0c442be92ad695feec8') in 0.069588 seconds 
========================================================================
Received Import Request.
  Time since last request: 0.000023 seconds.
  path: Assets/Low Poly Hexagons/Assets/Models/Hexagons/Hex12.fbx
  artifactKey: Guid(a594cd8ba6e867f4699aa3d16d755581) Importer(815301076,1909f56bfc062723c751e8b465ee728b)
Start importing Assets/Low Poly Hexagons/Assets/Models/Hexagons/Hex12.fbx using Guid(a594cd8ba6e867f4699aa3d16d755581) Importer(815301076,1909f56bfc062723c751e8b465ee728b)  -> (artifact id: '764369f1f09f00114489984480d2233b') in 0.085033 seconds 
========================================================================
Received Import Request.
  Time since last request: 0.000018 seconds.
  path: Assets/Low Poly Hexagons/Assets/Models/Hexagons/DigSite.fbx
  artifactKey: Guid(b066cbce47052904ebb41e4a1dc0b4da) Importer(815301076,1909f56bfc062723c751e8b465ee728b)
Start importing Assets/Low Poly Hexagons/Assets/Models/Hexagons/DigSite.fbx using Guid(b066cbce47052904ebb41e4a1dc0b4da) Importer(815301076,1909f56bfc062723c751e8b465ee728b)  -> (artifact id: '45cfa85c39aa738a8f5087e7706e9688') in 0.083883 seconds 
========================================================================
Received Import Request.
  Time since last request: 0.000028 seconds.
  path: Assets/Low Poly Hexagons/Assets/Models/Objects/SnowyForest.fbx
  artifactKey: Guid(cc1ce4a5dea32ed468e94f11f637f10f) Importer(815301076,1909f56bfc062723c751e8b465ee728b)
Start importing Assets/Low Poly Hexagons/Assets/Models/Objects/SnowyForest.fbx using Guid(cc1ce4a5dea32ed468e94f11f637f10f) Importer(815301076,1909f56bfc062723c751e8b465ee728b)  -> (artifact id: '8421f8b1fd11211d74dff78119b308c6') in 0.110487 seconds 
========================================================================
Received Import Request.
  Time since last request: 0.000076 seconds.
  path: Assets/Low Poly Hexagons/Assets/Models/Objects/Snowmen.fbx
  artifactKey: Guid(e5521764c522f9b4bb62b1f9687bffad) Importer(815301076,1909f56bfc062723c751e8b465ee728b)
Start importing Assets/Low Poly Hexagons/Assets/Models/Objects/Snowmen.fbx using Guid(e5521764c522f9b4bb62b1f9687bffad) Importer(815301076,1909f56bfc062723c751e8b465ee728b)  -> (artifact id: '095cafed2e49c3f74847b8c7a84b0b64') in 0.052165 seconds 
========================================================================
Received Import Request.
  Time since last request: 0.000022 seconds.
  path: Assets/Low Poly Hexagons/Assets/Models/Hexagons/Hex5.fbx
  artifactKey: Guid(4a24775f9001dee459bd8d96cd04b4f3) Importer(815301076,1909f56bfc062723c751e8b465ee728b)
Start importing Assets/Low Poly Hexagons/Assets/Models/Hexagons/Hex5.fbx using Guid(4a24775f9001dee459bd8d96cd04b4f3) Importer(815301076,1909f56bfc062723c751e8b465ee728b)  -> (artifact id: '72a818ae2f1b580e519604170b72c9cb') in 0.079405 seconds 
========================================================================
Received Import Request.
  Time since last request: 0.000028 seconds.
  path: Assets/Low Poly Hexagons/Assets/Models/Objects/Desert2.fbx
  artifactKey: Guid(733a5877dfd4c884cbf06292ffe18ab1) Importer(815301076,1909f56bfc062723c751e8b465ee728b)
Start importing Assets/Low Poly Hexagons/Assets/Models/Objects/Desert2.fbx using Guid(733a5877dfd4c884cbf06292ffe18ab1) Importer(815301076,1909f56bfc062723c751e8b465ee728b)  -> (artifact id: 'cdf204805045e241fc87a44bfef0cf39') in 0.086364 seconds 
========================================================================
Received Import Request.
  Time since last request: 0.000028 seconds.
  path: Assets/Low Poly Hexagons/Assets/Models/Hexagons/Hex1.fbx
  artifactKey: Guid(ac4a5a9e24f3efa44b8f02171e9eefda) Importer(815301076,1909f56bfc062723c751e8b465ee728b)
Start importing Assets/Low Poly Hexagons/Assets/Models/Hexagons/Hex1.fbx using Guid(ac4a5a9e24f3efa44b8f02171e9eefda) Importer(815301076,1909f56bfc062723c751e8b465ee728b)  -> (artifact id: '03cfbe1bc0b0dd9d86a33c214dbe118f') in 0.071041 seconds 
========================================================================
Received Import Request.
  Time since last request: 0.000039 seconds.
  path: Assets/Low Poly Hexagons/Assets/Models/Objects/Village.fbx
  artifactKey: Guid(9e8082fdbbfe7db4f819ecff6a0a8734) Importer(815301076,1909f56bfc062723c751e8b465ee728b)
Start importing Assets/Low Poly Hexagons/Assets/Models/Objects/Village.fbx using Guid(9e8082fdbbfe7db4f819ecff6a0a8734) Importer(815301076,1909f56bfc062723c751e8b465ee728b)  -> (artifact id: '417079df0c5b5f490e829eca4f70bed1') in 0.060017 seconds 
========================================================================
Received Import Request.
  Time since last request: 0.000029 seconds.
  path: Assets/Low Poly Hexagons/Assets
  artifactKey: Guid(5dc68b1459814b64c8317fbda545f2dd) Importer(815301076,1909f56bfc062723c751e8b465ee728b)
Start importing Assets/Low Poly Hexagons/Assets using Guid(5dc68b1459814b64c8317fbda545f2dd) Importer(815301076,1909f56bfc062723c751e8b465ee728b)  -> (artifact id: '4a3b65b33f700e2246e10109446a4313') in 0.025795 seconds 
========================================================================
Received Import Request.
  Time since last request: 0.000021 seconds.
  path: Assets/Low Poly Hexagons/Assets/Models/Hexagons/HellLake.fbx
  artifactKey: Guid(038e543775141b64bb28e77bb24c9c1c) Importer(815301076,1909f56bfc062723c751e8b465ee728b)
Start importing Assets/Low Poly Hexagons/Assets/Models/Hexagons/HellLake.fbx using Guid(038e543775141b64bb28e77bb24c9c1c) Importer(815301076,1909f56bfc062723c751e8b465ee728b)  -> (artifact id: '1b0e833e6fc9065fed42ccf4a8f9ac53') in 0.088178 seconds 
========================================================================
Received Import Request.
  Time since last request: 0.000021 seconds.
  path: Assets/Low Poly Hexagons/Assets/Models/Hexagons/Hex3.fbx
  artifactKey: Guid(32bf8e89e0e369540a99872076a7ead9) Importer(815301076,1909f56bfc062723c751e8b465ee728b)
Start importing Assets/Low Poly Hexagons/Assets/Models/Hexagons/Hex3.fbx using Guid(32bf8e89e0e369540a99872076a7ead9) Importer(815301076,1909f56bfc062723c751e8b465ee728b)  -> (artifact id: '6e976989b002c26b56035cc660f0dae2') in 0.091796 seconds 
========================================================================
Received Import Request.
  Time since last request: 0.000038 seconds.
  path: Assets/Low Poly Hexagons/Assets/Models/Hexagons/Hex17.fbx
  artifactKey: Guid(150942d75cdef8e41a71887d3400b4ac) Importer(815301076,1909f56bfc062723c751e8b465ee728b)
Start importing Assets/Low Poly Hexagons/Assets/Models/Hexagons/Hex17.fbx using Guid(150942d75cdef8e41a71887d3400b4ac) Importer(815301076,1909f56bfc062723c751e8b465ee728b)  -> (artifact id: '1e33c8f2f024ea1b0156e452f912866e') in 0.063580 seconds 
========================================================================
Received Import Request.
  Time since last request: 0.000036 seconds.
  path: Assets/Low Poly Hexagons
  artifactKey: Guid(ef204103e742d654b851c6fd3ed9c877) Importer(815301076,1909f56bfc062723c751e8b465ee728b)
Start importing Assets/Low Poly Hexagons using Guid(ef204103e742d654b851c6fd3ed9c877) Importer(815301076,1909f56bfc062723c751e8b465ee728b)  -> (artifact id: '2dab1ef49e2d9621623eea20c6d77915') in 0.032465 seconds 
========================================================================
Received Import Request.
  Time since last request: 0.000029 seconds.
  path: Assets/Low Poly Hexagons/Assets/Models/Hexagons/Hex11.fbx
  artifactKey: Guid(ec55075d188c17f409c030e2fa6d4ebf) Importer(815301076,1909f56bfc062723c751e8b465ee728b)
Start importing Assets/Low Poly Hexagons/Assets/Models/Hexagons/Hex11.fbx using Guid(ec55075d188c17f409c030e2fa6d4ebf) Importer(815301076,1909f56bfc062723c751e8b465ee728b)  -> (artifact id: '84fb343425699c715001c94dd07d3620') in 0.080953 seconds 
========================================================================
Received Import Request.
  Time since last request: 0.000046 seconds.
  path: Assets/Low Poly Hexagons/Assets/Models/Objects/Castle.fbx
  artifactKey: Guid(60d00613262778e46b8837d66fd34d59) Importer(815301076,1909f56bfc062723c751e8b465ee728b)
Start importing Assets/Low Poly Hexagons/Assets/Models/Objects/Castle.fbx using Guid(60d00613262778e46b8837d66fd34d59) Importer(815301076,1909f56bfc062723c751e8b465ee728b)  -> (artifact id: '8082d00b5da9121e0adda7836e2c8a4c') in 0.041897 seconds 
Editor requested this worker to shutdown with reason: Scaling down because of idle timeout
AssetImportWorker is now disconnected from the server
Process exiting
Exiting without the bug reporter. Application will terminate with return code 0